2022-04-19 15:29:31,778 [INFO] app: Before Request
2022-04-19 15:29:32,127 [INFO] app: After Request
2022-04-19 15:29:32,388 [INFO] app: Before Request
2022-04-19 15:29:32,391 [INFO] app: After Request
2022-04-19 15:29:32,398 [INFO] app: Before Request
2022-04-19 15:29:32,727 [INFO] app: After Request
2022-04-19 15:29:32,732 [INFO] app: Before Request
2022-04-19 15:29:32,763 [INFO] app: After Request
2022-04-19 15:29:33,943 [INFO] app: Before Request
2022-04-19 15:29:34,256 [INFO] app: After Request
2022-04-19 15:29:34,492 [INFO] app: Before Request
2022-04-19 15:29:34,843 [INFO] app: After Request
2022-04-19 15:29:35,073 [INFO] app: Before Request
2022-04-19 15:29:35,430 [INFO] app: After Request
2022-04-19 15:29:35,697 [INFO] app: Before Request
2022-04-19 15:29:36,171 [INFO] app: After Request
2022-04-19 15:29:36,448 [INFO] app: Before Request
2022-04-19 15:29:36,773 [INFO] app: After Request
2022-04-19 15:29:37,007 [INFO] app: Before Request
2022-04-19 15:29:37,362 [INFO] app: After Request
2022-04-19 15:29:37,593 [INFO] app: Before Request
2022-04-19 15:29:37,907 [INFO] app: After Request
2022-04-19 15:29:38,134 [INFO] app: Before Request
2022-04-19 15:29:38,483 [INFO] app: After Request
2022-04-19 15:29:38,713 [DEBUG] faker.factory: Looking for locale `en_US` in provider `faker.providers.address`.
2022-04-19 15:29:38,717 [DEBUG] faker.factory: Provider `faker.providers.address` has been localized to `en_US`.
2022-04-19 15:29:38,718 [DEBUG] faker.factory: Looking for locale `en_US` in provider `faker.providers.automotive`.
2022-04-19 15:29:38,722 [DEBUG] faker.factory: Provider `faker.providers.automotive` has been localized to `en_US`.
2022-04-19 15:29:38,723 [DEBUG] faker.factory: Looking for locale `en_US` in provider `faker.providers.bank`.
2022-04-19 15:29:38,726 [DEBUG] faker.factory: Specified locale `en_US` is not available for provider `faker.providers.bank`. Locale reset to `en_GB` for this provider.
2022-04-19 15:29:38,727 [DEBUG] faker.factory: Looking for locale `en_US` in provider `faker.providers.barcode`.
2022-04-19 15:29:38,729 [DEBUG] faker.factory: Provider `faker.providers.barcode` has been localized to `en_US`.
2022-04-19 15:29:38,730 [DEBUG] faker.factory: Looking for locale `en_US` in provider `faker.providers.color`.
2022-04-19 15:29:38,731 [DEBUG] faker.factory: Provider `faker.providers.color` has been localized to `en_US`.
2022-04-19 15:29:38,732 [DEBUG] faker.factory: Looking for locale `en_US` in provider `faker.providers.company`.
2022-04-19 15:29:38,735 [DEBUG] faker.factory: Provider `faker.providers.company` has been localized to `en_US`.
2022-04-19 15:29:38,735 [DEBUG] faker.factory: Looking for locale `en_US` in provider `faker.providers.credit_card`.
2022-04-19 15:29:38,736 [DEBUG] faker.factory: Provider `faker.providers.credit_card` has been localized to `en_US`.
2022-04-19 15:29:38,737 [DEBUG] faker.factory: Looking for locale `en_US` in provider `faker.providers.currency`.
2022-04-19 15:29:38,740 [DEBUG] faker.factory: Provider `faker.providers.currency` has been localized to `en_US`.
2022-04-19 15:29:38,742 [DEBUG] faker.factory: Looking for locale `en_US` in provider `faker.providers.date_time`.
2022-04-19 15:29:38,744 [DEBUG] faker.factory: Provider `faker.providers.date_time` has been localized to `en_US`.
2022-04-19 15:29:38,745 [DEBUG] faker.factory: Provider `faker.providers.file` does not feature localization. Specified locale `en_US` is not utilized for this provider.
2022-04-19 15:29:38,747 [DEBUG] faker.factory: Looking for locale `en_US` in provider `faker.providers.geo`.
2022-04-19 15:29:38,748 [DEBUG] faker.factory: Provider `faker.providers.geo` has been localized to `en_US`.
2022-04-19 15:29:38,749 [DEBUG] faker.factory: Looking for locale `en_US` in provider `faker.providers.internet`.
2022-04-19 15:29:38,752 [DEBUG] faker.factory: Provider `faker.providers.internet` has been localized to `en_US`.
2022-04-19 15:29:38,753 [DEBUG] faker.factory: Provider `faker.providers.isbn` does not feature localization. Specified locale `en_US` is not utilized for this provider.
2022-04-19 15:29:38,754 [DEBUG] faker.factory: Looking for locale `en_US` in provider `faker.providers.job`.
2022-04-19 15:29:38,756 [DEBUG] faker.factory: Provider `faker.providers.job` has been localized to `en_US`.
2022-04-19 15:29:38,757 [DEBUG] faker.factory: Looking for locale `en_US` in provider `faker.providers.lorem`.
2022-04-19 15:29:38,760 [DEBUG] faker.factory: Provider `faker.providers.lorem` has been localized to `en_US`.
2022-04-19 15:29:38,761 [DEBUG] faker.factory: Looking for locale `en_US` in provider `faker.providers.misc`.
2022-04-19 15:29:38,762 [DEBUG] faker.factory: Provider `faker.providers.misc` has been localized to `en_US`.
2022-04-19 15:29:38,764 [DEBUG] faker.factory: Looking for locale `en_US` in provider `faker.providers.person`.
2022-04-19 15:29:38,767 [DEBUG] faker.factory: Provider `faker.providers.person` has been localized to `en_US`.
2022-04-19 15:29:38,769 [DEBUG] faker.factory: Looking for locale `en_US` in provider `faker.providers.phone_number`.
2022-04-19 15:29:38,773 [DEBUG] faker.factory: Provider `faker.providers.phone_number` has been localized to `en_US`.
2022-04-19 15:29:38,774 [DEBUG] faker.factory: Provider `faker.providers.profile` does not feature localization. Specified locale `en_US` is not utilized for this provider.
2022-04-19 15:29:38,776 [DEBUG] faker.factory: Provider `faker.providers.python` does not feature localization. Specified locale `en_US` is not utilized for this provider.
2022-04-19 15:29:38,776 [DEBUG] faker.factory: Looking for locale `en_US` in provider `faker.providers.ssn`.
2022-04-19 15:29:38,781 [DEBUG] faker.factory: Provider `faker.providers.ssn` has been localized to `en_US`.
2022-04-19 15:29:38,782 [DEBUG] faker.factory: Provider `faker.providers.user_agent` does not feature localization. Specified locale `en_US` is not utilized for this provider.
2022-04-19 15:33:56,622 [INFO] app: Before Request
2022-04-19 15:33:56,918 [INFO] app: After Request
2022-04-19 15:33:57,105 [INFO] app: Before Request
2022-04-19 15:33:57,107 [INFO] app: After Request
2022-04-19 15:33:57,110 [INFO] app: Before Request
2022-04-19 15:33:57,397 [INFO] app: After Request
2022-04-19 15:33:57,401 [INFO] app: Before Request
2022-04-19 15:33:57,426 [INFO] app: After Request
2022-04-19 15:33:58,531 [INFO] app: Before Request
2022-04-19 15:33:58,804 [INFO] app: After Request
2022-04-19 15:33:59,015 [INFO] app: Before Request
2022-04-19 15:33:59,293 [INFO] app: After Request
2022-04-19 15:33:59,500 [INFO] app: Before Request
2022-04-19 15:33:59,769 [INFO] app: After Request
2022-04-19 15:33:59,978 [INFO] app: Before Request
2022-04-19 15:34:00,252 [INFO] app: After Request
2022-04-19 15:34:00,463 [INFO] app: Before Request
2022-04-19 15:34:00,737 [INFO] app: After Request
2022-04-19 15:34:00,941 [INFO] app: Before Request
2022-04-19 15:34:01,213 [INFO] app: After Request
2022-04-19 15:34:01,405 [INFO] app: Before Request
2022-04-19 15:34:01,666 [INFO] app: After Request
2022-04-19 15:34:01,873 [INFO] app: Before Request
2022-04-19 15:34:02,138 [INFO] app: After Request
2022-04-19 15:34:02,328 [DEBUG] faker.factory: Looking for locale `en_US` in provider `faker.providers.address`.
2022-04-19 15:34:02,331 [DEBUG] faker.factory: Provider `faker.providers.address` has been localized to `en_US`.
2022-04-19 15:34:02,332 [DEBUG] faker.factory: Looking for locale `en_US` in provider `faker.providers.automotive`.
2022-04-19 15:34:02,335 [DEBUG] faker.factory: Provider `faker.providers.automotive` has been localized to `en_US`.
2022-04-19 15:34:02,336 [DEBUG] faker.factory: Looking for locale `en_US` in provider `faker.providers.bank`.
2022-04-19 15:34:02,338 [DEBUG] faker.factory: Specified locale `en_US` is not available for provider `faker.providers.bank`. Locale reset to `en_GB` for this provider.
2022-04-19 15:34:02,339 [DEBUG] faker.factory: Looking for locale `en_US` in provider `faker.providers.barcode`.
2022-04-19 15:34:02,340 [DEBUG] faker.factory: Provider `faker.providers.barcode` has been localized to `en_US`.
2022-04-19 15:34:02,341 [DEBUG] faker.factory: Looking for locale `en_US` in provider `faker.providers.color`.
2022-04-19 15:34:02,342 [DEBUG] faker.factory: Provider `faker.providers.color` has been localized to `en_US`.
2022-04-19 15:34:02,343 [DEBUG] faker.factory: Looking for locale `en_US` in provider `faker.providers.company`.
2022-04-19 15:34:02,345 [DEBUG] faker.factory: Provider `faker.providers.company` has been localized to `en_US`.
2022-04-19 15:34:02,346 [DEBUG] faker.factory: Looking for locale `en_US` in provider `faker.providers.credit_card`.
2022-04-19 15:34:02,347 [DEBUG] faker.factory: Provider `faker.providers.credit_card` has been localized to `en_US`.
2022-04-19 15:34:02,348 [DEBUG] faker.factory: Looking for locale `en_US` in provider `faker.providers.currency`.
2022-04-19 15:34:02,353 [DEBUG] faker.factory: Provider `faker.providers.currency` has been localized to `en_US`.
2022-04-19 15:34:02,354 [DEBUG] faker.factory: Looking for locale `en_US` in provider `faker.providers.date_time`.
2022-04-19 15:34:02,356 [DEBUG] faker.factory: Provider `faker.providers.date_time` has been localized to `en_US`.
2022-04-19 15:34:02,357 [DEBUG] faker.factory: Provider `faker.providers.file` does not feature localization. Specified locale `en_US` is not utilized for this provider.
2022-04-19 15:34:02,358 [DEBUG] faker.factory: Looking for locale `en_US` in provider `faker.providers.geo`.
2022-04-19 15:34:02,359 [DEBUG] faker.factory: Provider `faker.providers.geo` has been localized to `en_US`.
2022-04-19 15:34:02,360 [DEBUG] faker.factory: Looking for locale `en_US` in provider `faker.providers.internet`.
2022-04-19 15:34:02,363 [DEBUG] faker.factory: Provider `faker.providers.internet` has been localized to `en_US`.
2022-04-19 15:34:02,364 [DEBUG] faker.factory: Provider `faker.providers.isbn` does not feature localization. Specified locale `en_US` is not utilized for this provider.
2022-04-19 15:34:02,365 [DEBUG] faker.factory: Looking for locale `en_US` in provider `faker.providers.job`.
2022-04-19 15:34:02,367 [DEBUG] faker.factory: Provider `faker.providers.job` has been localized to `en_US`.
2022-04-19 15:34:02,368 [DEBUG] faker.factory: Looking for locale `en_US` in provider `faker.providers.lorem`.
2022-04-19 15:34:02,369 [DEBUG] faker.factory: Provider `faker.providers.lorem` has been localized to `en_US`.
2022-04-19 15:34:02,370 [DEBUG] faker.factory: Looking for locale `en_US` in provider `faker.providers.misc`.
2022-04-19 15:34:02,372 [DEBUG] faker.factory: Provider `faker.providers.misc` has been localized to `en_US`.
2022-04-19 15:34:02,373 [DEBUG] faker.factory: Looking for locale `en_US` in provider `faker.providers.person`.
2022-04-19 15:34:02,377 [DEBUG] faker.factory: Provider `faker.providers.person` has been localized to `en_US`.
2022-04-19 15:34:02,378 [DEBUG] faker.factory: Looking for locale `en_US` in provider `faker.providers.phone_number`.
2022-04-19 15:34:02,381 [DEBUG] faker.factory: Provider `faker.providers.phone_number` has been localized to `en_US`.
2022-04-19 15:34:02,382 [DEBUG] faker.factory: Provider `faker.providers.profile` does not feature localization. Specified locale `en_US` is not utilized for this provider.
2022-04-19 15:34:02,383 [DEBUG] faker.factory: Provider `faker.providers.python` does not feature localization. Specified locale `en_US` is not utilized for this provider.
2022-04-19 15:34:02,383 [DEBUG] faker.factory: Looking for locale `en_US` in provider `faker.providers.ssn`.
2022-04-19 15:34:02,386 [DEBUG] faker.factory: Provider `faker.providers.ssn` has been localized to `en_US`.
2022-04-19 15:34:02,387 [DEBUG] faker.factory: Provider `faker.providers.user_agent` does not feature localization. Specified locale `en_US` is not utilized for this provider.
2022-04-19 15:35:25,361 [INFO] app: Before Request
2022-04-19 15:35:25,639 [INFO] app: After Request
2022-04-19 15:35:25,862 [INFO] app: Before Request
2022-04-19 15:35:25,864 [INFO] app: After Request
2022-04-19 15:35:25,868 [INFO] app: Before Request
2022-04-19 15:35:26,144 [INFO] app: After Request
2022-04-19 15:35:26,148 [INFO] app: Before Request
2022-04-19 15:35:26,180 [INFO] app: After Request
2022-04-19 15:35:26,990 [INFO] app: Before Request
2022-04-19 15:35:27,258 [INFO] app: After Request
2022-04-19 15:35:27,465 [INFO] app: Before Request
2022-04-19 15:35:27,739 [INFO] app: After Request
2022-04-19 15:35:27,920 [INFO] app: Before Request
2022-04-19 15:35:28,189 [INFO] app: After Request
2022-04-19 15:35:28,385 [INFO] app: Before Request
2022-04-19 15:35:28,651 [INFO] app: After Request
2022-04-19 15:35:28,849 [INFO] app: Before Request
2022-04-19 15:35:29,118 [INFO] app: After Request
2022-04-19 15:35:29,309 [INFO] app: Before Request
2022-04-19 15:35:29,611 [INFO] app: After Request
2022-04-19 15:35:29,809 [INFO] app: Before Request
2022-04-19 15:35:30,073 [INFO] app: After Request
2022-04-19 15:35:30,265 [INFO] app: Before Request
2022-04-19 15:35:30,569 [INFO] app: After Request
2022-04-19 15:35:30,755 [DEBUG] faker.factory: Looking for locale `en_US` in provider `faker.providers.address`.
2022-04-19 15:35:30,759 [DEBUG] faker.factory: Provider `faker.providers.address` has been localized to `en_US`.
2022-04-19 15:35:30,760 [DEBUG] faker.factory: Looking for locale `en_US` in provider `faker.providers.automotive`.
2022-04-19 15:35:30,762 [DEBUG] faker.factory: Provider `faker.providers.automotive` has been localized to `en_US`.
2022-04-19 15:35:30,763 [DEBUG] faker.factory: Looking for locale `en_US` in provider `faker.providers.bank`.
2022-04-19 15:35:30,765 [DEBUG] faker.factory: Specified locale `en_US` is not available for provider `faker.providers.bank`. Locale reset to `en_GB` for this provider.
2022-04-19 15:35:30,766 [DEBUG] faker.factory: Looking for locale `en_US` in provider `faker.providers.barcode`.
2022-04-19 15:35:30,767 [DEBUG] faker.factory: Provider `faker.providers.barcode` has been localized to `en_US`.
2022-04-19 15:35:30,768 [DEBUG] faker.factory: Looking for locale `en_US` in provider `faker.providers.color`.
2022-04-19 15:35:30,770 [DEBUG] faker.factory: Provider `faker.providers.color` has been localized to `en_US`.
2022-04-19 15:35:30,770 [DEBUG] faker.factory: Looking for locale `en_US` in provider `faker.providers.company`.
2022-04-19 15:35:30,773 [DEBUG] faker.factory: Provider `faker.providers.company` has been localized to `en_US`.
2022-04-19 15:35:30,774 [DEBUG] faker.factory: Looking for locale `en_US` in provider `faker.providers.credit_card`.
2022-04-19 15:35:30,775 [DEBUG] faker.factory: Provider `faker.providers.credit_card` has been localized to `en_US`.
2022-04-19 15:35:30,776 [DEBUG] faker.factory: Looking for locale `en_US` in provider `faker.providers.currency`.
2022-04-19 15:35:30,778 [DEBUG] faker.factory: Provider `faker.providers.currency` has been localized to `en_US`.
2022-04-19 15:35:30,779 [DEBUG] faker.factory: Looking for locale `en_US` in provider `faker.providers.date_time`.
2022-04-19 15:35:30,781 [DEBUG] faker.factory: Provider `faker.providers.date_time` has been localized to `en_US`.
2022-04-19 15:35:30,782 [DEBUG] faker.factory: Provider `faker.providers.file` does not feature localization. Specified locale `en_US` is not utilized for this provider.
2022-04-19 15:35:30,783 [DEBUG] faker.factory: Looking for locale `en_US` in provider `faker.providers.geo`.
2022-04-19 15:35:30,784 [DEBUG] faker.factory: Provider `faker.providers.geo` has been localized to `en_US`.
2022-04-19 15:35:30,785 [DEBUG] faker.factory: Looking for locale `en_US` in provider `faker.providers.internet`.
2022-04-19 15:35:30,788 [DEBUG] faker.factory: Provider `faker.providers.internet` has been localized to `en_US`.
2022-04-19 15:35:30,789 [DEBUG] faker.factory: Provider `faker.providers.isbn` does not feature localization. Specified locale `en_US` is not utilized for this provider.
2022-04-19 15:35:30,790 [DEBUG] faker.factory: Looking for locale `en_US` in provider `faker.providers.job`.
2022-04-19 15:35:30,793 [DEBUG] faker.factory: Provider `faker.providers.job` has been localized to `en_US`.
2022-04-19 15:35:30,794 [DEBUG] faker.factory: Looking for locale `en_US` in provider `faker.providers.lorem`.
2022-04-19 15:35:30,795 [DEBUG] faker.factory: Provider `faker.providers.lorem` has been localized to `en_US`.
2022-04-19 15:35:30,796 [DEBUG] faker.factory: Looking for locale `en_US` in provider `faker.providers.misc`.
2022-04-19 15:35:30,798 [DEBUG] faker.factory: Provider `faker.providers.misc` has been localized to `en_US`.
2022-04-19 15:35:30,798 [DEBUG] faker.factory: Looking for locale `en_US` in provider `faker.providers.person`.
2022-04-19 15:35:30,802 [DEBUG] faker.factory: Provider `faker.providers.person` has been localized to `en_US`.
2022-04-19 15:35:30,803 [DEBUG] faker.factory: Looking for locale `en_US` in provider `faker.providers.phone_number`.
2022-04-19 15:35:30,807 [DEBUG] faker.factory: Provider `faker.providers.phone_number` has been localized to `en_US`.
2022-04-19 15:35:30,808 [DEBUG] faker.factory: Provider `faker.providers.profile` does not feature localization. Specified locale `en_US` is not utilized for this provider.
2022-04-19 15:35:30,809 [DEBUG] faker.factory: Provider `faker.providers.python` does not feature localization. Specified locale `en_US` is not utilized for this provider.
2022-04-19 15:35:30,809 [DEBUG] faker.factory: Looking for locale `en_US` in provider `faker.providers.ssn`.
2022-04-19 15:35:30,813 [DEBUG] faker.factory: Provider `faker.providers.ssn` has been localized to `en_US`.
2022-04-19 15:35:30,813 [DEBUG] faker.factory: Provider `faker.providers.user_agent` does not feature localization. Specified locale `en_US` is not utilized for this provider.
2022-04-19 15:53:43,799 [INFO] app: Before Request
2022-04-19 15:53:44,282 [INFO] app: After Request
2022-04-19 15:53:44,539 [INFO] app: Before Request
2022-04-19 15:53:44,543 [INFO] app: After Request
2022-04-19 15:53:44,564 [INFO] app: Before Request
2022-04-19 15:53:45,041 [INFO] app: After Request
2022-04-19 15:53:45,047 [INFO] app: Before Request
2022-04-19 15:53:45,100 [INFO] app: After Request
2022-04-19 15:53:46,019 [INFO] app: Before Request
2022-04-19 15:53:46,468 [INFO] app: After Request
2022-04-19 15:53:46,702 [INFO] app: Before Request
2022-04-19 15:53:47,149 [INFO] app: After Request
2022-04-19 15:53:47,404 [INFO] app: Before Request
2022-04-19 15:53:47,842 [INFO] app: After Request
2022-04-19 15:53:48,099 [INFO] app: Before Request
2022-04-19 15:53:48,555 [INFO] app: After Request
2022-04-19 15:53:48,797 [INFO] app: Before Request
2022-04-19 15:53:49,250 [INFO] app: After Request
2022-04-19 15:53:49,487 [INFO] app: Before Request
2022-04-19 15:53:49,943 [INFO] app: After Request
2022-04-19 15:53:50,171 [INFO] app: Before Request
2022-04-19 15:53:50,668 [INFO] app: After Request
2022-04-19 15:53:50,898 [INFO] app: Before Request
2022-04-19 15:53:51,344 [INFO] app: After Request
2022-04-19 15:53:51,564 [DEBUG] faker.factory: Looking for locale `en_US` in provider `faker.providers.address`.
2022-04-19 15:53:51,569 [DEBUG] faker.factory: Provider `faker.providers.address` has been localized to `en_US`.
2022-04-19 15:53:51,570 [DEBUG] faker.factory: Looking for locale `en_US` in provider `faker.providers.automotive`.
2022-04-19 15:53:51,574 [DEBUG] faker.factory: Provider `faker.providers.automotive` has been localized to `en_US`.
2022-04-19 15:53:51,575 [DEBUG] faker.factory: Looking for locale `en_US` in provider `faker.providers.bank`.
2022-04-19 15:53:51,578 [DEBUG] faker.factory: Specified locale `en_US` is not available for provider `faker.providers.bank`. Locale reset to `en_GB` for this provider.
2022-04-19 15:53:51,579 [DEBUG] faker.factory: Looking for locale `en_US` in provider `faker.providers.barcode`.
2022-04-19 15:53:51,580 [DEBUG] faker.factory: Provider `faker.providers.barcode` has been localized to `en_US`.
2022-04-19 15:53:51,581 [DEBUG] faker.factory: Looking for locale `en_US` in provider `faker.providers.color`.
2022-04-19 15:53:51,584 [DEBUG] faker.factory: Provider `faker.providers.color` has been localized to `en_US`.
2022-04-19 15:53:51,585 [DEBUG] faker.factory: Looking for locale `en_US` in provider `faker.providers.company`.
2022-04-19 15:53:51,588 [DEBUG] faker.factory: Provider `faker.providers.company` has been localized to `en_US`.
2022-04-19 15:53:51,589 [DEBUG] faker.factory: Looking for locale `en_US` in provider `faker.providers.credit_card`.
2022-04-19 15:53:51,591 [DEBUG] faker.factory: Provider `faker.providers.credit_card` has been localized to `en_US`.
2022-04-19 15:53:51,592 [DEBUG] faker.factory: Looking for locale `en_US` in provider `faker.providers.currency`.
2022-04-19 15:53:51,594 [DEBUG] faker.factory: Provider `faker.providers.currency` has been localized to `en_US`.
2022-04-19 15:53:51,595 [DEBUG] faker.factory: Looking for locale `en_US` in provider `faker.providers.date_time`.
2022-04-19 15:53:51,599 [DEBUG] faker.factory: Provider `faker.providers.date_time` has been localized to `en_US`.
2022-04-19 15:53:51,601 [DEBUG] faker.factory: Provider `faker.providers.file` does not feature localization. Specified locale `en_US` is not utilized for this provider.
2022-04-19 15:53:51,602 [DEBUG] faker.factory: Looking for locale `en_US` in provider `faker.providers.geo`.
2022-04-19 15:53:51,603 [DEBUG] faker.factory: Provider `faker.providers.geo` has been localized to `en_US`.
2022-04-19 15:53:51,604 [DEBUG] faker.factory: Looking for locale `en_US` in provider `faker.providers.internet`.
2022-04-19 15:53:51,608 [DEBUG] faker.factory: Provider `faker.providers.internet` has been localized to `en_US`.
2022-04-19 15:53:51,610 [DEBUG] faker.factory: Provider `faker.providers.isbn` does not feature localization. Specified locale `en_US` is not utilized for this provider.
2022-04-19 15:53:51,612 [DEBUG] faker.factory: Looking for locale `en_US` in provider `faker.providers.job`.
2022-04-19 15:53:51,615 [DEBUG] faker.factory: Provider `faker.providers.job` has been localized to `en_US`.
2022-04-19 15:53:51,616 [DEBUG] faker.factory: Looking for locale `en_US` in provider `faker.providers.lorem`.
2022-04-19 15:53:51,619 [DEBUG] faker.factory: Provider `faker.providers.lorem` has been localized to `en_US`.
2022-04-19 15:53:51,620 [DEBUG] faker.factory: Looking for locale `en_US` in provider `faker.providers.misc`.
2022-04-19 15:53:51,622 [DEBUG] faker.factory: Provider `faker.providers.misc` has been localized to `en_US`.
2022-04-19 15:53:51,623 [DEBUG] faker.factory: Looking for locale `en_US` in provider `faker.providers.person`.
2022-04-19 15:53:51,628 [DEBUG] faker.factory: Provider `faker.providers.person` has been localized to `en_US`.
2022-04-19 15:53:51,630 [DEBUG] faker.factory: Looking for locale `en_US` in provider `faker.providers.phone_number`.
2022-04-19 15:53:51,635 [DEBUG] faker.factory: Provider `faker.providers.phone_number` has been localized to `en_US`.
2022-04-19 15:53:51,636 [DEBUG] faker.factory: Provider `faker.providers.profile` does not feature localization. Specified locale `en_US` is not utilized for this provider.
2022-04-19 15:53:51,637 [DEBUG] faker.factory: Provider `faker.providers.python` does not feature localization. Specified locale `en_US` is not utilized for this provider.
2022-04-19 15:53:51,638 [DEBUG] faker.factory: Looking for locale `en_US` in provider `faker.providers.ssn`.
2022-04-19 15:53:51,644 [DEBUG] faker.factory: Provider `faker.providers.ssn` has been localized to `en_US`.
2022-04-19 15:53:51,645 [DEBUG] faker.factory: Provider `faker.providers.user_agent` does not feature localization. Specified locale `en_US` is not utilized for this provider.
2022-04-19 15:58:17,779 [INFO] app: Before Request
2022-04-19 15:58:18,246 [INFO] app: After Request
2022-04-19 15:58:18,520 [INFO] app: Before Request
2022-04-19 15:58:18,522 [INFO] app: After Request
2022-04-19 15:58:18,530 [INFO] app: Before Request
2022-04-19 15:58:18,974 [INFO] app: After Request
2022-04-19 15:58:18,979 [INFO] app: Before Request
2022-04-19 15:58:19,017 [INFO] app: After Request
2022-04-19 15:58:19,940 [INFO] app: Before Request
2022-04-19 15:58:20,383 [INFO] app: After Request
2022-04-19 15:58:20,656 [INFO] app: Before Request
2022-04-19 15:58:21,149 [INFO] app: After Request
2022-04-19 15:58:21,377 [INFO] app: Before Request
2022-04-19 15:58:21,818 [INFO] app: After Request
2022-04-19 15:58:22,074 [INFO] app: Before Request
2022-04-19 15:58:22,526 [INFO] app: After Request
2022-04-19 15:58:22,780 [INFO] app: Before Request
2022-04-19 15:58:23,214 [INFO] app: After Request
2022-04-19 15:58:23,459 [INFO] app: Before Request
2022-04-19 15:58:23,905 [INFO] app: After Request
2022-04-19 15:58:24,149 [INFO] app: Before Request
2022-04-19 15:58:24,620 [INFO] app: After Request
2022-04-19 15:58:24,871 [INFO] app: Before Request
2022-04-19 15:58:25,351 [INFO] app: After Request
2022-04-19 15:58:25,574 [DEBUG] faker.factory: Looking for locale `en_US` in provider `faker.providers.address`.
2022-04-19 15:58:25,579 [DEBUG] faker.factory: Provider `faker.providers.address` has been localized to `en_US`.
2022-04-19 15:58:25,581 [DEBUG] faker.factory: Looking for locale `en_US` in provider `faker.providers.automotive`.
2022-04-19 15:58:25,584 [DEBUG] faker.factory: Provider `faker.providers.automotive` has been localized to `en_US`.
2022-04-19 15:58:25,585 [DEBUG] faker.factory: Looking for locale `en_US` in provider `faker.providers.bank`.
2022-04-19 15:58:25,589 [DEBUG] faker.factory: Specified locale `en_US` is not available for provider `faker.providers.bank`. Locale reset to `en_GB` for this provider.
2022-04-19 15:58:25,591 [DEBUG] faker.factory: Looking for locale `en_US` in provider `faker.providers.barcode`.
2022-04-19 15:58:25,593 [DEBUG] faker.factory: Provider `faker.providers.barcode` has been localized to `en_US`.
2022-04-19 15:58:25,594 [DEBUG] faker.factory: Looking for locale `en_US` in provider `faker.providers.color`.
2022-04-19 15:58:25,596 [DEBUG] faker.factory: Provider `faker.providers.color` has been localized to `en_US`.
2022-04-19 15:58:25,597 [DEBUG] faker.factory: Looking for locale `en_US` in provider `faker.providers.company`.
2022-04-19 15:58:25,601 [DEBUG] faker.factory: Provider `faker.providers.company` has been localized to `en_US`.
2022-04-19 15:58:25,602 [DEBUG] faker.factory: Looking for locale `en_US` in provider `faker.providers.credit_card`.
2022-04-19 15:58:25,604 [DEBUG] faker.factory: Provider `faker.providers.credit_card` has been localized to `en_US`.
2022-04-19 15:58:25,605 [DEBUG] faker.factory: Looking for locale `en_US` in provider `faker.providers.currency`.
2022-04-19 15:58:25,607 [DEBUG] faker.factory: Provider `faker.providers.currency` has been localized to `en_US`.
2022-04-19 15:58:25,608 [DEBUG] faker.factory: Looking for locale `en_US` in provider `faker.providers.date_time`.
2022-04-19 15:58:25,612 [DEBUG] faker.factory: Provider `faker.providers.date_time` has been localized to `en_US`.
2022-04-19 15:58:25,614 [DEBUG] faker.factory: Provider `faker.providers.file` does not feature localization. Specified locale `en_US` is not utilized for this provider.
2022-04-19 15:58:25,615 [DEBUG] faker.factory: Looking for locale `en_US` in provider `faker.providers.geo`.
2022-04-19 15:58:25,616 [DEBUG] faker.factory: Provider `faker.providers.geo` has been localized to `en_US`.
2022-04-19 15:58:25,617 [DEBUG] faker.factory: Looking for locale `en_US` in provider `faker.providers.internet`.
2022-04-19 15:58:25,621 [DEBUG] faker.factory: Provider `faker.providers.internet` has been localized to `en_US`.
2022-04-19 15:58:25,622 [DEBUG] faker.factory: Provider `faker.providers.isbn` does not feature localization. Specified locale `en_US` is not utilized for this provider.
2022-04-19 15:58:25,623 [DEBUG] faker.factory: Looking for locale `en_US` in provider `faker.providers.job`.
2022-04-19 15:58:25,626 [DEBUG] faker.factory: Provider `faker.providers.job` has been localized to `en_US`.
2022-04-19 15:58:25,627 [DEBUG] faker.factory: Looking for locale `en_US` in provider `faker.providers.lorem`.
2022-04-19 15:58:25,630 [DEBUG] faker.factory: Provider `faker.providers.lorem` has been localized to `en_US`.
2022-04-19 15:58:25,631 [DEBUG] faker.factory: Looking for locale `en_US` in provider `faker.providers.misc`.
2022-04-19 15:58:25,632 [DEBUG] faker.factory: Provider `faker.providers.misc` has been localized to `en_US`.
2022-04-19 15:58:25,633 [DEBUG] faker.factory: Looking for locale `en_US` in provider `faker.providers.person`.
2022-04-19 15:58:25,640 [DEBUG] faker.factory: Provider `faker.providers.person` has been localized to `en_US`.
2022-04-19 15:58:25,641 [DEBUG] faker.factory: Looking for locale `en_US` in provider `faker.providers.phone_number`.
2022-04-19 15:58:25,646 [DEBUG] faker.factory: Provider `faker.providers.phone_number` has been localized to `en_US`.
2022-04-19 15:58:25,647 [DEBUG] faker.factory: Provider `faker.providers.profile` does not feature localization. Specified locale `en_US` is not utilized for this provider.
2022-04-19 15:58:25,648 [DEBUG] faker.factory: Provider `faker.providers.python` does not feature localization. Specified locale `en_US` is not utilized for this provider.
2022-04-19 15:58:25,649 [DEBUG] faker.factory: Looking for locale `en_US` in provider `faker.providers.ssn`.
2022-04-19 15:58:25,654 [DEBUG] faker.factory: Provider `faker.providers.ssn` has been localized to `en_US`.
2022-04-19 15:58:25,655 [DEBUG] faker.factory: Provider `faker.providers.user_agent` does not feature localization. Specified locale `en_US` is not utilized for this provider.
2022-04-19 16:00:20,542 [INFO] app: Before Request
2022-04-19 16:00:21,010 [INFO] app: After Request
2022-04-19 16:00:21,278 [INFO] app: Before Request
2022-04-19 16:00:21,283 [INFO] app: After Request
2022-04-19 16:00:21,288 [INFO] app: Before Request
2022-04-19 16:00:21,746 [INFO] app: After Request
2022-04-19 16:00:21,751 [INFO] app: Before Request
2022-04-19 16:00:21,794 [INFO] app: After Request
2022-04-19 16:00:22,726 [INFO] app: Before Request
2022-04-19 16:00:23,178 [INFO] app: After Request
2022-04-19 16:00:23,456 [INFO] app: Before Request
2022-04-19 16:00:23,905 [INFO] app: After Request
2022-04-19 16:00:24,137 [INFO] app: Before Request
2022-04-19 16:00:24,583 [INFO] app: After Request
2022-04-19 16:00:24,847 [INFO] app: Before Request
2022-04-19 16:00:25,327 [INFO] app: After Request
2022-04-19 16:00:25,567 [INFO] app: Before Request
2022-04-19 16:00:26,004 [INFO] app: After Request
2022-04-19 16:00:26,251 [INFO] app: Before Request
2022-04-19 16:00:26,709 [INFO] app: After Request
2022-04-19 16:00:26,946 [INFO] app: Before Request
2022-04-19 16:00:27,444 [INFO] app: After Request
2022-04-19 16:00:27,696 [INFO] app: Before Request
2022-04-19 16:00:28,138 [INFO] app: After Request
2022-04-19 16:00:28,358 [DEBUG] faker.factory: Looking for locale `en_US` in provider `faker.providers.address`.
2022-04-19 16:00:28,363 [DEBUG] faker.factory: Provider `faker.providers.address` has been localized to `en_US`.
2022-04-19 16:00:28,364 [DEBUG] faker.factory: Looking for locale `en_US` in provider `faker.providers.automotive`.
2022-04-19 16:00:28,367 [DEBUG] faker.factory: Provider `faker.providers.automotive` has been localized to `en_US`.
2022-04-19 16:00:28,369 [DEBUG] faker.factory: Looking for locale `en_US` in provider `faker.providers.bank`.
2022-04-19 16:00:28,372 [DEBUG] faker.factory: Specified locale `en_US` is not available for provider `faker.providers.bank`. Locale reset to `en_GB` for this provider.
2022-04-19 16:00:28,373 [DEBUG] faker.factory: Looking for locale `en_US` in provider `faker.providers.barcode`.
2022-04-19 16:00:28,375 [DEBUG] faker.factory: Provider `faker.providers.barcode` has been localized to `en_US`.
2022-04-19 16:00:28,376 [DEBUG] faker.factory: Looking for locale `en_US` in provider `faker.providers.color`.
2022-04-19 16:00:28,378 [DEBUG] faker.factory: Provider `faker.providers.color` has been localized to `en_US`.
2022-04-19 16:00:28,379 [DEBUG] faker.factory: Looking for locale `en_US` in provider `faker.providers.company`.
2022-04-19 16:00:28,383 [DEBUG] faker.factory: Provider `faker.providers.company` has been localized to `en_US`.
2022-04-19 16:00:28,384 [DEBUG] faker.factory: Looking for locale `en_US` in provider `faker.providers.credit_card`.
2022-04-19 16:00:28,385 [DEBUG] faker.factory: Provider `faker.providers.credit_card` has been localized to `en_US`.
2022-04-19 16:00:28,386 [DEBUG] faker.factory: Looking for locale `en_US` in provider `faker.providers.currency`.
2022-04-19 16:00:28,389 [DEBUG] faker.factory: Provider `faker.providers.currency` has been localized to `en_US`.
2022-04-19 16:00:28,390 [DEBUG] faker.factory: Looking for locale `en_US` in provider `faker.providers.date_time`.
2022-04-19 16:00:28,394 [DEBUG] faker.factory: Provider `faker.providers.date_time` has been localized to `en_US`.
2022-04-19 16:00:28,395 [DEBUG] faker.factory: Provider `faker.providers.file` does not feature localization. Specified locale `en_US` is not utilized for this provider.
2022-04-19 16:00:28,396 [DEBUG] faker.factory: Looking for locale `en_US` in provider `faker.providers.geo`.
2022-04-19 16:00:28,398 [DEBUG] faker.factory: Provider `faker.providers.geo` has been localized to `en_US`.
2022-04-19 16:00:28,399 [DEBUG] faker.factory: Looking for locale `en_US` in provider `faker.providers.internet`.
2022-04-19 16:00:28,402 [DEBUG] faker.factory: Provider `faker.providers.internet` has been localized to `en_US`.
2022-04-19 16:00:28,404 [DEBUG] faker.factory: Provider `faker.providers.isbn` does not feature localization. Specified locale `en_US` is not utilized for this provider.
2022-04-19 16:00:28,405 [DEBUG] faker.factory: Looking for locale `en_US` in provider `faker.providers.job`.
2022-04-19 16:00:28,408 [DEBUG] faker.factory: Provider `faker.providers.job` has been localized to `en_US`.
2022-04-19 16:00:28,409 [DEBUG] faker.factory: Looking for locale `en_US` in provider `faker.providers.lorem`.
2022-04-19 16:00:28,412 [DEBUG] faker.factory: Provider `faker.providers.lorem` has been localized to `en_US`.
2022-04-19 16:00:28,413 [DEBUG] faker.factory: Looking for locale `en_US` in provider `faker.providers.misc`.
2022-04-19 16:00:28,414 [DEBUG] faker.factory: Provider `faker.providers.misc` has been localized to `en_US`.
2022-04-19 16:00:28,416 [DEBUG] faker.factory: Looking for locale `en_US` in provider `faker.providers.person`.
2022-04-19 16:00:28,422 [DEBUG] faker.factory: Provider `faker.providers.person` has been localized to `en_US`.
2022-04-19 16:00:28,423 [DEBUG] faker.factory: Looking for locale `en_US` in provider `faker.providers.phone_number`.
2022-04-19 16:00:28,428 [DEBUG] faker.factory: Provider `faker.providers.phone_number` has been localized to `en_US`.
2022-04-19 16:00:28,430 [DEBUG] faker.factory: Provider `faker.providers.profile` does not feature localization. Specified locale `en_US` is not utilized for this provider.
2022-04-19 16:00:28,431 [DEBUG] faker.factory: Provider `faker.providers.python` does not feature localization. Specified locale `en_US` is not utilized for this provider.
2022-04-19 16:00:28,432 [DEBUG] faker.factory: Looking for locale `en_US` in provider `faker.providers.ssn`.
2022-04-19 16:00:28,437 [DEBUG] faker.factory: Provider `faker.providers.ssn` has been localized to `en_US`.
2022-04-19 16:00:28,438 [DEBUG] faker.factory: Provider `faker.providers.user_agent` does not feature localization. Specified locale `en_US` is not utilized for this provider.
2022-04-19 16:01:56,100 [INFO] app: Before Request
2022-04-19 16:01:56,559 [INFO] app: After Request
2022-04-19 16:01:56,797 [INFO] app: Before Request
2022-04-19 16:01:56,802 [INFO] app: After Request
2022-04-19 16:01:56,808 [INFO] app: Before Request
2022-04-19 16:01:57,251 [INFO] app: After Request
2022-04-19 16:01:57,256 [INFO] app: Before Request
2022-04-19 16:01:57,299 [INFO] app: After Request
2022-04-19 16:01:58,220 [INFO] app: Before Request
2022-04-19 16:01:58,670 [INFO] app: After Request
2022-04-19 16:01:58,912 [INFO] app: Before Request
2022-04-19 16:01:59,357 [INFO] app: After Request
2022-04-19 16:01:59,597 [INFO] app: Before Request
2022-04-19 16:02:00,072 [INFO] app: After Request
2022-04-19 16:02:00,332 [INFO] app: Before Request
2022-04-19 16:02:00,779 [INFO] app: After Request
2022-04-19 16:02:01,019 [INFO] app: Before Request
2022-04-19 16:02:01,465 [INFO] app: After Request
2022-04-19 16:02:01,703 [INFO] app: Before Request
2022-04-19 16:02:02,164 [INFO] app: After Request
2022-04-19 16:02:02,401 [INFO] app: Before Request
2022-04-19 16:02:02,845 [INFO] app: After Request
2022-04-19 16:02:03,094 [INFO] app: Before Request
2022-04-19 16:02:03,535 [INFO] app: After Request
2022-04-19 16:02:03,769 [DEBUG] faker.factory: Looking for locale `en_US` in provider `faker.providers.address`.
2022-04-19 16:02:03,776 [DEBUG] faker.factory: Provider `faker.providers.address` has been localized to `en_US`.
2022-04-19 16:02:03,778 [DEBUG] faker.factory: Looking for locale `en_US` in provider `faker.providers.automotive`.
2022-04-19 16:02:03,785 [DEBUG] faker.factory: Provider `faker.providers.automotive` has been localized to `en_US`.
2022-04-19 16:02:03,787 [DEBUG] faker.factory: Looking for locale `en_US` in provider `faker.providers.bank`.
2022-04-19 16:02:03,791 [DEBUG] faker.factory: Specified locale `en_US` is not available for provider `faker.providers.bank`. Locale reset to `en_GB` for this provider.
2022-04-19 16:02:03,792 [DEBUG] faker.factory: Looking for locale `en_US` in provider `faker.providers.barcode`.
2022-04-19 16:02:03,794 [DEBUG] faker.factory: Provider `faker.providers.barcode` has been localized to `en_US`.
2022-04-19 16:02:03,795 [DEBUG] faker.factory: Looking for locale `en_US` in provider `faker.providers.color`.
2022-04-19 16:02:03,798 [DEBUG] faker.factory: Provider `faker.providers.color` has been localized to `en_US`.
2022-04-19 16:02:03,799 [DEBUG] faker.factory: Looking for locale `en_US` in provider `faker.providers.company`.
2022-04-19 16:02:03,803 [DEBUG] faker.factory: Provider `faker.providers.company` has been localized to `en_US`.
2022-04-19 16:02:03,804 [DEBUG] faker.factory: Looking for locale `en_US` in provider `faker.providers.credit_card`.
2022-04-19 16:02:03,806 [DEBUG] faker.factory: Provider `faker.providers.credit_card` has been localized to `en_US`.
2022-04-19 16:02:03,807 [DEBUG] faker.factory: Looking for locale `en_US` in provider `faker.providers.currency`.
2022-04-19 16:02:03,809 [DEBUG] faker.factory: Provider `faker.providers.currency` has been localized to `en_US`.
2022-04-19 16:02:03,816 [DEBUG] faker.factory: Looking for locale `en_US` in provider `faker.providers.date_time`.
2022-04-19 16:02:03,822 [DEBUG] faker.factory: Provider `faker.providers.date_time` has been localized to `en_US`.
2022-04-19 16:02:03,824 [DEBUG] faker.factory: Provider `faker.providers.file` does not feature localization. Specified locale `en_US` is not utilized for this provider.
2022-04-19 16:02:03,825 [DEBUG] faker.factory: Looking for locale `en_US` in provider `faker.providers.geo`.
2022-04-19 16:02:03,827 [DEBUG] faker.factory: Provider `faker.providers.geo` has been localized to `en_US`.
2022-04-19 16:02:03,828 [DEBUG] faker.factory: Looking for locale `en_US` in provider `faker.providers.internet`.
2022-04-19 16:02:03,833 [DEBUG] faker.factory: Provider `faker.providers.internet` has been localized to `en_US`.
2022-04-19 16:02:03,834 [DEBUG] faker.factory: Provider `faker.providers.isbn` does not feature localization. Specified locale `en_US` is not utilized for this provider.
2022-04-19 16:02:03,836 [DEBUG] faker.factory: Looking for locale `en_US` in provider `faker.providers.job`.
2022-04-19 16:02:03,839 [DEBUG] faker.factory: Provider `faker.providers.job` has been localized to `en_US`.
2022-04-19 16:02:03,840 [DEBUG] faker.factory: Looking for locale `en_US` in provider `faker.providers.lorem`.
2022-04-19 16:02:03,843 [DEBUG] faker.factory: Provider `faker.providers.lorem` has been localized to `en_US`.
2022-04-19 16:02:03,844 [DEBUG] faker.factory: Looking for locale `en_US` in provider `faker.providers.misc`.
2022-04-19 16:02:03,846 [DEBUG] faker.factory: Provider `faker.providers.misc` has been localized to `en_US`.
2022-04-19 16:02:03,847 [DEBUG] faker.factory: Looking for locale `en_US` in provider `faker.providers.person`.
2022-04-19 16:02:03,852 [DEBUG] faker.factory: Provider `faker.providers.person` has been localized to `en_US`.
2022-04-19 16:02:03,853 [DEBUG] faker.factory: Looking for locale `en_US` in provider `faker.providers.phone_number`.
2022-04-19 16:02:03,859 [DEBUG] faker.factory: Provider `faker.providers.phone_number` has been localized to `en_US`.
2022-04-19 16:02:03,860 [DEBUG] faker.factory: Provider `faker.providers.profile` does not feature localization. Specified locale `en_US` is not utilized for this provider.
2022-04-19 16:02:03,861 [DEBUG] faker.factory: Provider `faker.providers.python` does not feature localization. Specified locale `en_US` is not utilized for this provider.
2022-04-19 16:02:03,862 [DEBUG] faker.factory: Looking for locale `en_US` in provider `faker.providers.ssn`.
2022-04-19 16:02:03,868 [DEBUG] faker.factory: Provider `faker.providers.ssn` has been localized to `en_US`.
2022-04-19 16:02:03,869 [DEBUG] faker.factory: Provider `faker.providers.user_agent` does not feature localization. Specified locale `en_US` is not utilized for this provider.
2022-04-19 16:03:48,726 [INFO] app: Before Request
2022-04-19 16:03:49,006 [INFO] app: After Request
2022-04-19 16:03:49,239 [INFO] app: Before Request
2022-04-19 16:03:49,241 [INFO] app: After Request
2022-04-19 16:03:49,246 [INFO] app: Before Request
2022-04-19 16:03:49,520 [INFO] app: After Request
2022-04-19 16:03:49,527 [INFO] app: Before Request
2022-04-19 16:03:49,557 [INFO] app: After Request
2022-04-19 16:03:50,347 [INFO] app: Before Request
2022-04-19 16:03:50,646 [INFO] app: After Request
2022-04-19 16:03:50,877 [INFO] app: Before Request
2022-04-19 16:03:51,156 [INFO] app: After Request
2022-04-19 16:03:51,368 [INFO] app: Before Request
2022-04-19 16:03:51,632 [INFO] app: After Request
2022-04-19 16:03:51,852 [INFO] app: Before Request
2022-04-19 16:03:52,125 [INFO] app: After Request
2022-04-19 16:03:52,351 [INFO] app: Before Request
2022-04-19 16:03:52,785 [INFO] app: After Request
2022-04-19 16:03:53,022 [INFO] app: Before Request
2022-04-19 16:03:53,356 [INFO] app: After Request
2022-04-19 16:03:53,606 [INFO] app: Before Request
2022-04-19 16:03:53,926 [INFO] app: After Request
2022-04-19 16:03:54,153 [INFO] app: Before Request
2022-04-19 16:03:54,454 [INFO] app: After Request
2022-04-19 16:04:16,030 [INFO] app: Before Request
2022-04-19 16:04:16,509 [INFO] app: After Request
2022-04-19 16:04:16,768 [INFO] app: Before Request
2022-04-19 16:04:16,772 [INFO] app: After Request
2022-04-19 16:04:16,779 [INFO] app: Before Request
2022-04-19 16:04:17,238 [INFO] app: After Request
2022-04-19 16:04:17,245 [INFO] app: Before Request
2022-04-19 16:04:17,288 [INFO] app: After Request
2022-04-19 16:04:18,183 [INFO] app: Before Request
2022-04-19 16:04:18,651 [INFO] app: After Request
2022-04-19 16:04:18,903 [INFO] app: Before Request
2022-04-19 16:04:19,373 [INFO] app: After Request
2022-04-19 16:04:19,608 [INFO] app: Before Request
2022-04-19 16:04:20,050 [INFO] app: After Request
2022-04-19 16:04:20,313 [INFO] app: Before Request
2022-04-19 16:04:20,771 [INFO] app: After Request
2022-04-19 16:04:21,027 [INFO] app: Before Request
2022-04-19 16:04:21,475 [INFO] app: After Request
2022-04-19 16:04:21,728 [INFO] app: Before Request
2022-04-19 16:04:22,198 [INFO] app: After Request
2022-04-19 16:04:22,421 [INFO] app: Before Request
2022-04-19 16:04:22,867 [INFO] app: After Request
2022-04-19 16:04:23,091 [INFO] app: Before Request
2022-04-19 16:04:23,548 [INFO] app: After Request
